kotlin version: 2.1.20
error message: org.jetbrains.kotlin.backend.common.BackendException: Backend Internal error: Exception during IR lowering
File being compiled: C:/Users/Gaurav/AndroidProject/McqAi/app/src/main/java/com/me/mcqai/ui/BottomSheetResultFragment.kt
The root cause java.lang.RuntimeException was thrown at: org.jetbrains.kotlin.backend.jvm.codegen.FunctionCodegen.generate(FunctionCodegen.kt:48)
	at org.jetbrains.kotlin.backend.common.CodegenUtil.reportBackendException(CodegenUtil.kt:107)
	at org.jetbrains.kotlin.backend.common.CodegenUtil.reportBackendException$default(CodegenUtil.kt:90)
	at org.jetbrains.kotlin.backend.common.phaser.PerformByIrFilePhase.invokeSequential(performByIrFile.kt:54)
	at org.jetbrains.kotlin.backend.common.phaser.PerformByIrFilePhase.invoke(performByIrFile.kt:41)
	at org.jetbrains.kotlin.backend.common.phaser.PerformByIrFilePhase.invoke(performByIrFile.kt:27)
	at org.jetbrains.kotlin.config.phaser.CompilerPhaseKt.invokeToplevel(CompilerPhase.kt:62)
	at org.jetbrains.kotlin.backend.jvm.JvmIrCodegenFactory.invokeCodegen(JvmIrCodegenFactory.kt:371)
	at org.jetbrains.kotlin.cli.jvm.compiler.KotlinToJVMBytecodeCompiler.runCodegen$cli(KotlinToJVMBytecodeCompiler.kt:413)
	at org.jetbrains.kotlin.cli.pipeline.jvm.JvmBackendPipelinePhase.executePhase(JvmBackendPipelinePhase.kt:98)
	at org.jetbrains.kotlin.cli.pipeline.jvm.JvmBackendPipelinePhase.executePhase(JvmBackendPipelinePhase.kt:30)
	at org.jetbrains.kotlin.cli.pipeline.PipelinePhase.phaseBody(PipelinePhase.kt:68)
	at org.jetbrains.kotlin.cli.pipeline.PipelinePhase.phaseBody(PipelinePhase.kt:58)
	at org.jetbrains.kotlin.config.phaser.SimpleNamedCompilerPhase.phaseBody(CompilerPhase.kt:215)
	at org.jetbrains.kotlin.config.phaser.NamedCompilerPhase.invoke(CompilerPhase.kt:111)
	at org.jetbrains.kotlin.backend.common.phaser.CompositePhase.invoke(PhaseBuilders.kt:28)
	at org.jetbrains.kotlin.config.phaser.CompilerPhaseKt.invokeToplevel(CompilerPhase.kt:62)
	at org.jetbrains.kotlin.cli.pipeline.AbstractCliPipeline.runPhasedPipeline(AbstractCliPipeline.kt:106)
	at org.jetbrains.kotlin.cli.pipeline.AbstractCliPipeline.execute(AbstractCliPipeline.kt:65)
	at org.jetbrains.kotlin.cli.jvm.K2JVMCompiler.doExecutePhased(K2JVMCompiler.kt:61)
	at org.jetbrains.kotlin.cli.jvm.K2JVMCompiler.doExecutePhased(K2JVMCompiler.kt:36)
	at org.jetbrains.kotlin.cli.common.CLICompiler.execImpl(CLICompiler.kt:80)
	at org.jetbrains.kotlin.cli.common.CLICompiler.exec(CLICompiler.kt:337)
	at org.jetbrains.kotlin.incremental.IncrementalJvmCompilerRunner.runCompiler(IncrementalJvmCompilerRunner.kt:466)
	at org.jetbrains.kotlin.incremental.IncrementalJvmCompilerRunner.runCompiler(IncrementalJvmCompilerRunner.kt:75)
	at org.jetbrains.kotlin.incremental.IncrementalCompilerRunner.doCompile(IncrementalCompilerRunner.kt:514)
	at org.jetbrains.kotlin.incremental.IncrementalCompilerRunner.compileImpl(IncrementalCompilerRunner.kt:431)
	at org.jetbrains.kotlin.incremental.IncrementalCompilerRunner.compileNonIncrementally(IncrementalCompilerRunner.kt:310)
	at org.jetbrains.kotlin.incremental.IncrementalCompilerRunner.compile(IncrementalCompilerRunner.kt:137)
	at org.jetbrains.kotlin.daemon.CompileServiceImplBase.execIncrementalCompiler(CompileServiceImpl.kt:678)
	at org.jetbrains.kotlin.daemon.CompileServiceImplBase.access$execIncrementalCompiler(CompileServiceImpl.kt:92)
	at org.jetbrains.kotlin.daemon.CompileServiceImpl.compile(CompileServiceImpl.kt:1805)
	at java.base/jdk.internal.reflect.DirectMethodHandleAccessor.invoke(Unknown Source)
	at java.base/java.lang.reflect.Method.invoke(Unknown Source)
	at java.rmi/sun.rmi.server.UnicastServerRef.dispatch(Unknown Source)
	at java.rmi/sun.rmi.transport.Transport$1.run(Unknown Source)
	at java.rmi/sun.rmi.transport.Transport$1.run(Unknown Source)
	at java.base/java.security.AccessController.doPrivileged(Unknown Source)
	at java.rmi/sun.rmi.transport.Transport.serviceCall(Unknown Source)
	at java.rmi/sun.rmi.transport.tcp.TCPTransport.handleMessages(Unknown Source)
	at java.rmi/sun.rmi.transport.tcp.TCPTransport$ConnectionHandler.run0(Unknown Source)
	at java.rmi/sun.rmi.transport.tcp.TCPTransport$ConnectionHandler.lambda$run$0(Unknown Source)
	at java.base/java.security.AccessController.doPrivileged(Unknown Source)
	at java.rmi/sun.rmi.transport.tcp.TCPTransport$ConnectionHandler.run(Unknown Source)
	at java.base/java.util.concurrent.ThreadPoolExecutor.runWorker(Unknown Source)
	at java.base/java.util.concurrent.ThreadPoolExecutor$Worker.run(Unknown Source)
	at java.base/java.lang.Thread.run(Unknown Source)
Caused by: java.lang.RuntimeException: Exception while generating code for:
FUN name:onViewCreated visibility:public modality:OPEN <> ($this:com.me.mcqai.ui.BottomSheetResultFragment, view:android.view.View, savedInstanceState:android.os.Bundle?) returnType:kotlin.Unit
  overridden:
    public open fun onViewCreated (p0: @[EnhancedNullability] android.view.View, p1: @[EnhancedNullability] android.os.Bundle?): kotlin.Unit [fake_override] declared in com.google.android.material.bottomsheet.BottomSheetDialogFragment
  $this: VALUE_PARAMETER name:<this> type:com.me.mcqai.ui.BottomSheetResultFragment
  VALUE_PARAMETER name:view index:0 type:android.view.View
  VALUE_PARAMETER name:savedInstanceState index:1 type:android.os.Bundle?
  BLOCK_BODY
    CALL 'public open fun onViewCreated (p0: @[EnhancedNullability] android.view.View, p1: @[EnhancedNullability] android.os.Bundle?): kotlin.Unit [fake_override] declared in com.google.android.material.bottomsheet.BottomSheetDialogFragment' superQualifier='CLASS IR_EXTERNAL_JAVA_DECLARATION_STUB CLASS name:BottomSheetDialogFragment modality:OPEN visibility:public superTypes:[androidx.appcompat.app.AppCompatDialogFragment]' type=kotlin.Unit origin=null
      $this: GET_VAR '<this>: com.me.mcqai.ui.BottomSheetResultFragment declared in com.me.mcqai.ui.BottomSheetResultFragment.onViewCreated' type=com.me.mcqai.ui.BottomSheetResultFragment origin=null
      p0: GET_VAR 'view: android.view.View declared in com.me.mcqai.ui.BottomSheetResultFragment.onViewCreated' type=android.view.View origin=null
      p1: GET_VAR 'savedInstanceState: android.os.Bundle? declared in com.me.mcqai.ui.BottomSheetResultFragment.onViewCreated' type=android.os.Bundle? origin=null
    VAR name:result type:kotlin.Int? [val]
      BLOCK type=kotlin.Int? origin=FOLDED_SAFE_CALL
        WHEN type=kotlin.Int? origin=FOLDED_SAFE_CALL
          BRANCH
            if: COMPOSITE type=kotlin.Boolean origin=null
              VAR IR_TEMPORARY_VARIABLE name:tmp0_safe_receiver type:@[EnhancedNullability] android.os.Bundle? [val]
                CALL 'public final fun getArguments (): @[EnhancedNullability] android.os.Bundle? [fake_override] declared in com.me.mcqai.ui.BottomSheetResultFragment' type=@[EnhancedNullability] android.os.Bundle? origin=GET_PROPERTY
                  $this: GET_VAR '<this>: com.me.mcqai.ui.BottomSheetResultFragment declared in com.me.mcqai.ui.BottomSheetResultFragment.onViewCreated' type=com.me.mcqai.ui.BottomSheetResultFragment origin=null
              CALL 'public final fun not (): kotlin.Boolean [operator] declared in kotlin.Boolean' type=kotlin.Boolean origin=null
                $this: CALL 'public final fun EQEQ (arg0: kotlin.Any?, arg1: kotlin.Any?): kotlin.Boolean declared in kotlin.internal.ir' type=kotlin.Boolean origin=null
                  arg0: GET_VAR 'val tmp0_safe_receiver: @[EnhancedNullability] android.os.Bundle? [val] declared in com.me.mcqai.ui.BottomSheetResultFragment.onViewCreated' type=@[EnhancedNullability] android.os.Bundle? origin=null
                  arg1: CONST Null type=kotlin.Nothing? value=null
            then: CALL 'public open fun getInt (p0: @[FlexibleNullability] kotlin.String?): kotlin.Int [fake_override] declared in android.os.Bundle' type=kotlin.Int origin=null
              $this: GET_VAR 'val tmp0_safe_receiver: @[EnhancedNullability] android.os.Bundle? [val] declared in com.me.mcqai.ui.BottomSheetResultFragment.onViewCreated' type=@[EnhancedNullability] android.os.Bundle? origin=null
              p0: CONST String type=kotlin.String value="result"
          BRANCH
            if: CONST Boolean type=kotlin.Boolean value=true
            then: CONST Null type=kotlin.Nothing? value=null
    COMPOSITE type=kotlin.Unit origin=null
      WHEN type=@[EnhancedNullability] android.widget.Button origin=IF
        BRANCH
          if: CALL 'public final fun EQEQ (arg0: kotlin.Any?, arg1: kotlin.Any?): kotlin.Boolean declared in kotlin.internal.ir' type=kotlin.Boolean origin=EQEQ
            arg0: GET_VAR 'val result: kotlin.Int? [val] declared in com.me.mcqai.ui.BottomSheetResultFragment.onViewCreated' type=kotlin.Int? origin=null
            arg1: CONST Int type=kotlin.Int value=1
          then: BLOCK type=@[EnhancedNullability] android.widget.Button origin=null
            CALL 'public final fun apply <T> (block: @[ExtensionFunctionType] kotlin.Function1<T of kotlin.StandardKt.apply, kotlin.Unit>): T of kotlin.StandardKt.apply [inline] declared in kotlin.StandardKt' type=@[EnhancedNullability] android.widget.Button origin=null
              <T>: @[EnhancedNullability] android.widget.Button
              $receiver: GET_FIELD 'FIELD IR_EXTERNAL_JAVA_DECLARATION_STUB name:continueBtn type:@[EnhancedNullability] android.widget.Button visibility:public [final] declared in guru.mcqai.www.databinding.FragmentBottomSheetResultBinding' type=@[EnhancedNullability] android.widget.Button superQualifierSymbol=guru.mcqai.www.databinding.FragmentBottomSheetResultBinding origin=null
                receiver: BLOCK type=guru.mcqai.www.databinding.FragmentBottomSheetResultBinding origin=FOLDED_ELVIS
                  WHEN type=guru.mcqai.www.databinding.FragmentBottomSheetResultBinding origin=FOLDED_ELVIS
                    BRANCH
                      if: COMPOSITE type=kotlin.Boolean origin=null
                        VAR IR_TEMPORARY_VARIABLE name:tmp0 type:guru.mcqai.www.databinding.FragmentBottomSheetResultBinding? [val]
                          GET_FIELD 'FIELD PROPERTY_BACKING_FIELD name:binding type:guru.mcqai.www.databinding.FragmentBottomSheetResultBinding? visibility:private' type=guru.mcqai.www.databinding.FragmentBottomSheetResultBinding? origin=null
                            receiver: GET_VAR '<this>: com.me.mcqai.ui.BottomSheetResultFragment declared in com.me.mcqai.ui.BottomSheetResultFragment.onViewCreated' type=com.me.mcqai.ui.BottomSheetResultFragment origin=null
                        CALL 'public final fun not (): kotlin.Boolean [operator] declared in kotlin.Boolean' type=kotlin.Boolean origin=null
                          $this: CALL 'public final fun EQEQ (arg0: kotlin.Any?, arg1: kotlin.Any?): kotlin.Boolean declared in kotlin.internal.ir' type=kotlin.Boolean origin=null
                            arg0: GET_VAR 'val tmp0: guru.mcqai.www.databinding.FragmentBottomSheetResultBinding? [val] declared in com.me.mcqai.ui.BottomSheetResultFragment.onViewCreated' type=guru.mcqai.www.databinding.FragmentBottomSheetResultBinding? origin=null
                            arg1: CONST Null type=kotlin.Nothing? value=null
                      then: GET_VAR 'val tmp0: guru.mcqai.www.databinding.FragmentBottomSheetResultBinding? [val] declared in com.me.mcqai.ui.BottomSheetResultFragment.onViewCreated' type=guru.mcqai.www.databinding.FragmentBottomSheetResultBinding? origin=null
                    BRANCH
                      if: CONST Boolean type=kotlin.Boolean value=true
                      then: BLOCK type=kotlin.Unit origin=null
                        CALL 'public final fun throwUninitializedPropertyAccessException (propertyName: kotlin.String): kotlin.Unit declared in kotlin.jvm.internal.Intrinsics' type=kotlin.Unit origin=null
                          propertyName: CONST String type=kotlin.String value="binding"
              block: BLOCK type=@[ExtensionFunctionType] kotlin.Function1<@[EnhancedNullability] android.widget.Button, kotlin.Unit> origin=LAMBDA
                COMPOSITE type=kotlin.Unit origin=null
                FUNCTION_REFERENCE 'private final fun onViewCreated$lambda$0 (): kotlin.Unit declared in com.me.mcqai.ui.BottomSheetResultFragment' type=@[ExtensionFunctionType] kotlin.Function1<@[EnhancedNullability] android.widget.Button, kotlin.Unit> origin=INLINE_LAMBDA reflectionTarget=null
        BRANCH
          if: CONST Boolean type=kotlin.Boolean value=true
          then: BLOCK type=@[EnhancedNullability] android.widget.Button origin=null
            CALL 'public final fun apply <T> (block: @[ExtensionFunctionType] kotlin.Function1<T of kotlin.StandardKt.apply, kotlin.Unit>): T of kotlin.StandardKt.apply [inline] declared in kotlin.StandardKt' type=@[EnhancedNullability] android.widget.Button origin=null
              <T>: @[EnhancedNullability] android.widget.Button
              $receiver: GET_FIELD 'FIELD IR_EXTERNAL_JAVA_DECLARATION_STUB name:continueBtn type:@[EnhancedNullability] android.widget.Button visibility:public [final] declared in guru.mcqai.www.databinding.FragmentBottomSheetResultBinding' type=@[EnhancedNullability] android.widget.Button superQualifierSymbol=guru.mcqai.www.databinding.FragmentBottomSheetResultBinding origin=null
                receiver: BLOCK type=guru.mcqai.www.databinding.FragmentBottomSheetResultBinding origin=FOLDED_ELVIS
                  WHEN type=guru.mcqai.www.databinding.FragmentBottomSheetResultBinding origin=FOLDED_ELVIS
                    BRANCH
                      if: COMPOSITE type=kotlin.Boolean origin=null
                        VAR IR_TEMPORARY_VARIABLE name:tmp0 type:guru.mcqai.www.databinding.FragmentBottomSheetResultBinding? [val]
                          GET_FIELD 'FIELD PROPERTY_BACKING_FIELD name:binding type:guru.mcqai.www.databinding.FragmentBottomSheetResultBinding? visibility:private' type=guru.mcqai.www.databinding.FragmentBottomSheetResultBinding? origin=null
                            receiver: GET_VAR '<this>: com.me.mcqai.ui.BottomSheetResultFragment declared in com.me.mcqai.ui.BottomSheetResultFragment.onViewCreated' type=com.me.mcqai.ui.BottomSheetResultFragment origin=null
                        CALL 'public final fun not (): kotlin.Boolean [operator] declared in kotlin.Boolean' type=kotlin.Boolean origin=null
                          $this: CALL 'public final fun EQEQ (arg0: kotlin.Any?, arg1: kotlin.Any?): kotlin.Boolean declared in kotlin.internal.ir' type=kotlin.Boolean origin=null
                            arg0: GET_VAR 'val tmp0: guru.mcqai.www.databinding.FragmentBottomSheetResultBinding? [val] declared in com.me.mcqai.ui.BottomSheetResultFragment.onViewCreated' type=guru.mcqai.www.databinding.FragmentBottomSheetResultBinding? origin=null
                            arg1: CONST Null type=kotlin.Nothing? value=null
                      then: GET_VAR 'val tmp0: guru.mcqai.www.databinding.FragmentBottomSheetResultBinding? [val] declared in com.me.mcqai.ui.BottomSheetResultFragment.onViewCreated' type=guru.mcqai.www.databinding.FragmentBottomSheetResultBinding? origin=null
                    BRANCH
                      if: CONST Boolean type=kotlin.Boolean value=true
                      then: BLOCK type=kotlin.Unit origin=null
                        CALL 'public final fun throwUninitializedPropertyAccessException (propertyName: kotlin.String): kotlin.Unit declared in kotlin.jvm.internal.Intrinsics' type=kotlin.Unit origin=null
                          propertyName: CONST String type=kotlin.String value="binding"
              block: BLOCK type=@[ExtensionFunctionType] kotlin.Function1<@[EnhancedNullability] android.widget.Button, kotlin.Unit> origin=LAMBDA
                COMPOSITE type=kotlin.Unit origin=null
                FUNCTION_REFERENCE 'private final fun onViewCreated$lambda$1 (): kotlin.Unit declared in com.me.mcqai.ui.BottomSheetResultFragment' type=@[ExtensionFunctionType] kotlin.Function1<@[EnhancedNullability] android.widget.Button, kotlin.Unit> origin=INLINE_LAMBDA reflectionTarget=null
      COMPOSITE type=kotlin.Unit origin=null
    CALL 'public open fun setOnClickListener (p0: @[EnhancedNullability] android.view.View.OnClickListener?): kotlin.Unit [fake_override] declared in android.widget.Button' type=kotlin.Unit origin=null
      $this: GET_FIELD 'FIELD IR_EXTERNAL_JAVA_DECLARATION_STUB name:endBtn type:@[EnhancedNullability] android.widget.Button visibility:public [final] declared in guru.mcqai.www.databinding.FragmentBottomSheetResultBinding' type=@[EnhancedNullability] android.widget.Button superQualifierSymbol=guru.mcqai.www.databinding.FragmentBottomSheetResultBinding origin=null
        receiver: BLOCK type=guru.mcqai.www.databinding.FragmentBottomSheetResultBinding origin=FOLDED_ELVIS
          WHEN type=guru.mcqai.www.databinding.FragmentBottomSheetResultBinding origin=FOLDED_ELVIS
            BRANCH
              if: COMPOSITE type=kotlin.Boolean origin=null
                VAR IR_TEMPORARY_VARIABLE name:tmp0 type:guru.mcqai.www.databinding.FragmentBottomSheetResultBinding? [val]
                  GET_FIELD 'FIELD PROPERTY_BACKING_FIELD name:binding type:guru.mcqai.www.databinding.FragmentBottomSheetResultBinding? visibility:private' type=guru.mcqai.www.databinding.FragmentBottomSheetResultBinding? origin=null
                    receiver: GET_VAR '<this>: com.me.mcqai.ui.BottomSheetResultFragment declared in com.me.mcqai.ui.BottomSheetResultFragment.onViewCreated' type=com.me.mcqai.ui.BottomSheetResultFragment origin=null
                CALL 'public final fun not (): kotlin.Boolean [operator] declared in kotlin.Boolean' type=kotlin.Boolean origin=null
                  $this: CALL 'public final fun EQEQ (arg0: kotlin.Any?, arg1: kotlin.Any?): kotlin.Boolean declared in kotlin.internal.ir' type=kotlin.Boolean origin=null
                    arg0: GET_VAR 'val tmp0: guru.mcqai.www.databinding.FragmentBottomSheetResultBinding? [val] declared in com.me.mcqai.ui.BottomSheetResultFragment.onViewCreated' type=guru.mcqai.www.databinding.FragmentBottomSheetResultBinding? origin=null
                    arg1: CONST Null type=kotlin.Nothing? value=null
              then: GET_VAR 'val tmp0: guru.mcqai.www.databinding.FragmentBottomSheetResultBinding? [val] declared in com.me.mcqai.ui.BottomSheetResultFragment.onViewCreated' type=guru.mcqai.www.databinding.FragmentBottomSheetResultBinding? origin=null
            BRANCH
              if: CONST Boolean type=kotlin.Boolean value=true
              then: BLOCK type=kotlin.Unit origin=null
                CALL 'public final fun throwUninitializedPropertyAccessException (propertyName: kotlin.String): kotlin.Unit declared in kotlin.jvm.internal.Intrinsics' type=kotlin.Unit origin=null
                  propertyName: CONST String type=kotlin.String value="binding"
      p0: BLOCK type=android.view.View.OnClickListener origin=LAMBDA
        COMPOSITE type=kotlin.Unit origin=null
        CALL 'public final fun <jvm-indy> <T> (dynamicCall: T of kotlin.jvm.internal.<jvm-indy>, bootstrapMethodHandle: kotlin.Any, vararg bootstrapMethodArguments: kotlin.Any): T of kotlin.jvm.internal.<jvm-indy> declared in kotlin.jvm.internal' type=android.view.View.OnClickListener origin=null
          <T>: android.view.View.OnClickListener
          dynamicCall: CALL 'public final fun onClick (p0: com.me.mcqai.ui.BottomSheetResultFragment): android.view.View.OnClickListener declared in kotlin.jvm.internal.invokeDynamic' type=android.view.View.OnClickListener origin=null
            p0: GET_VAR '<this>: com.me.mcqai.ui.BottomSheetResultFragment declared in com.me.mcqai.ui.BottomSheetResultFragment.onViewCreated' type=com.me.mcqai.ui.BottomSheetResultFragment origin=null
          bootstrapMethodHandle: CALL 'public final fun <jvm-method-handle> (tag: kotlin.Int, owner: kotlin.String, name: kotlin.String, descriptor: kotlin.String, isInterface: kotlin.Boolean): kotlin.Any declared in kotlin.jvm.internal' type=kotlin.Any origin=null
            tag: CONST Int type=kotlin.Int value=6
            owner: CONST String type=kotlin.String value="java/lang/invoke/LambdaMetafactory"
            name: CONST String type=kotlin.String value="metafactory"
            descriptor: CONST String type=kotlin.String value="(Ljava/lang/invoke/MethodHandles$Lookup;Ljava/lang/String;Ljava/lang/invoke/MethodType;Ljava/lang/invoke/MethodType;Ljava/lang/invoke/MethodHandle;Ljava/lang/invoke/MethodType;)Ljava/lang/invoke/CallSite;"
            isInterface: CONST Boolean type=kotlin.Boolean value=false
          bootstrapMethodArguments: VARARG type=kotlin.Array<kotlin.Any> varargElementType=kotlin.Any
            CALL 'public final fun <jvm-original-method-type> (method: kotlin.Any): kotlin.Any declared in kotlin.jvm.internal' type=kotlin.Any origin=null
              method: RAW_FUNCTION_REFERENCE 'public abstract fun onClick (p0: @[FlexibleNullability] android.view.View?): kotlin.Unit declared in android.view.View.OnClickListener' type=kotlin.Any
            RAW_FUNCTION_REFERENCE 'private final fun onViewCreated$lambda$2 (this$0: com.me.mcqai.ui.BottomSheetResultFragment, it: @[FlexibleNullability] android.view.View?): kotlin.Unit declared in com.me.mcqai.ui.BottomSheetResultFragment' type=kotlin.Any
            CALL 'public final fun <jvm-original-method-type> (method: kotlin.Any): kotlin.Any declared in kotlin.jvm.internal' type=kotlin.Any origin=null
              method: RAW_FUNCTION_REFERENCE 'public abstract fun onClick (p0: @[FlexibleNullability] android.view.View?): kotlin.Unit [fake_override] declared in kotlin.jvm.internal.invokeDynamic.<fake>' type=kotlin.Any

	at org.jetbrains.kotlin.backend.jvm.codegen.FunctionCodegen.generate(FunctionCodegen.kt:48)
	at org.jetbrains.kotlin.backend.jvm.codegen.FunctionCodegen.generate$default(FunctionCodegen.kt:41)
	at org.jetbrains.kotlin.backend.jvm.codegen.ClassCodegen.generateMethodNode(ClassCodegen.kt:405)
	at org.jetbrains.kotlin.backend.jvm.codegen.ClassCodegen.generateMethod(ClassCodegen.kt:422)
	at org.jetbrains.kotlin.backend.jvm.codegen.ClassCodegen.generate(ClassCodegen.kt:167)
	at org.jetbrains.kotlin.backend.jvm.JvmIrCodegenFactory.generateFile$lambda$18(JvmIrCodegenFactory.kt:398)
	at org.jetbrains.kotlin.backend.common.phaser.PhaseBuildersKt$createSimpleNamedCompilerPhase$1.phaseBody(PhaseBuilders.kt:68)
	at org.jetbrains.kotlin.config.phaser.SimpleNamedCompilerPhase.phaseBody(CompilerPhase.kt:215)
	at org.jetbrains.kotlin.config.phaser.NamedCompilerPhase.invoke(CompilerPhase.kt:111)
	at org.jetbrains.kotlin.backend.common.phaser.PerformByIrFilePhase.invokeSequential(performByIrFile.kt:51)
	... 43 more
Caused by: java.lang.RuntimeException: Exception while generating code for:
FUN INLINE_LAMBDA name:onViewCreated$lambda$0 visibility:private modality:FINAL <> ($receiver:@[EnhancedNullability] android.widget.Button) returnType:kotlin.Unit
  $receiver: VALUE_PARAMETER name:$this$apply type:@[EnhancedNullability] android.widget.Button
  BLOCK_BODY
    VAR name:$i$a$-apply-BottomSheetResultFragment$onViewCreated$1 type:kotlin.Int [val]
      CONST Int type=kotlin.Int value=0
    SET_FIELD 'FIELD IR_EXTERNAL_JAVA_DECLARATION_STUB name:src type:kotlin.Int visibility:public [final,static] declared in android.R.attr' type=kotlin.Unit superQualifierSymbol=android.R.attr origin=EQ
      value: GET_FIELD 'FIELD IR_EXTERNAL_JAVA_DECLARATION_STUB name:outline_check_small_24 type:kotlin.Int visibility:public [static] declared in guru.mcqai.www.R.drawable' type=kotlin.Int superQualifierSymbol=guru.mcqai.www.R.drawable origin=null

	at org.jetbrains.kotlin.backend.jvm.codegen.FunctionCodegen.generate(FunctionCodegen.kt:48)
	at org.jetbrains.kotlin.backend.jvm.codegen.IrSourceCompilerForInline.generateLambdaBody(IrSourceCompilerForInline.kt:68)
	at org.jetbrains.kotlin.codegen.inline.ExpressionLambda.generateLambdaBody(LambdaInfo.kt:72)
	at org.jetbrains.kotlin.backend.jvm.codegen.IrInlineCodegen.genValueAndPut(IrInlineCodegen.kt:100)
	at org.jetbrains.kotlin.backend.jvm.codegen.ExpressionCodegen.visitCall$handleParameter(ExpressionCodegen.kt:557)
	at org.jetbrains.kotlin.backend.jvm.codegen.ExpressionCodegen.visitCall(ExpressionCodegen.kt:585)
	at org.jetbrains.kotlin.backend.jvm.codegen.ExpressionCodegen.visitCall(ExpressionCodegen.kt:135)
	at org.jetbrains.kotlin.ir.expressions.IrCall.accept(IrCall.kt:24)
	at org.jetbrains.kotlin.backend.jvm.codegen.ExpressionCodegen.visitStatementContainer(ExpressionCodegen.kt:520)
	at org.jetbrains.kotlin.backend.jvm.codegen.ExpressionCodegen.visitContainerExpression(ExpressionCodegen.kt:534)
	at org.jetbrains.kotlin.backend.jvm.codegen.ExpressionCodegen.visitContainerExpression(ExpressionCodegen.kt:135)
	at org.jetbrains.kotlin.ir.visitors.IrElementVisitor$DefaultImpls.visitBlock(IrElementVisitor.kt:136)
	at org.jetbrains.kotlin.backend.jvm.codegen.ExpressionCodegen.visitBlock(ExpressionCodegen.kt:406)
	at org.jetbrains.kotlin.backend.jvm.codegen.ExpressionCodegen.visitBlock(ExpressionCodegen.kt:135)
	at org.jetbrains.kotlin.ir.expressions.IrBlock.accept(IrBlock.kt:18)
	at org.jetbrains.kotlin.backend.jvm.codegen.ExpressionCodegen.visitWhen(ExpressionCodegen.kt:1053)
	at org.jetbrains.kotlin.backend.jvm.codegen.ExpressionCodegen.visitWhen(ExpressionCodegen.kt:135)
	at org.jetbrains.kotlin.ir.expressions.IrWhen.accept(IrWhen.kt:24)
	at org.jetbrains.kotlin.backend.jvm.codegen.ExpressionCodegen.visitStatementContainer(ExpressionCodegen.kt:520)
	at org.jetbrains.kotlin.backend.jvm.codegen.ExpressionCodegen.visitContainerExpression(ExpressionCodegen.kt:534)
	at org.jetbrains.kotlin.backend.jvm.codegen.ExpressionCodegen.visitContainerExpression(ExpressionCodegen.kt:135)
	at org.jetbrains.kotlin.ir.visitors.IrElementVisitor$DefaultImpls.visitComposite(IrElementVisitor.kt:139)
	at org.jetbrains.kotlin.backend.jvm.codegen.ExpressionCodegen.visitComposite(ExpressionCodegen.kt:135)
	at org.jetbrains.kotlin.backend.jvm.codegen.ExpressionCodegen.visitComposite(ExpressionCodegen.kt:135)
	at org.jetbrains.kotlin.ir.expressions.IrComposite.accept(IrComposite.kt:18)
	at org.jetbrains.kotlin.backend.jvm.codegen.ExpressionCodegen.visitStatementContainer(ExpressionCodegen.kt:520)
	at org.jetbrains.kotlin.backend.jvm.codegen.ExpressionCodegen.visitBlockBody(ExpressionCodegen.kt:525)
	at org.jetbrains.kotlin.backend.jvm.codegen.ExpressionCodegen.visitBlockBody(ExpressionCodegen.kt:135)
	at org.jetbrains.kotlin.ir.expressions.IrBlockBody.accept(IrBlockBody.kt:20)
	at org.jetbrains.kotlin.backend.jvm.codegen.ExpressionCodegen.generate(ExpressionCodegen.kt:237)
	at org.jetbrains.kotlin.backend.jvm.codegen.FunctionCodegen.doGenerate(FunctionCodegen.kt:124)
	at org.jetbrains.kotlin.backend.jvm.codegen.FunctionCodegen.generate(FunctionCodegen.kt:45)
	... 52 more
Caused by: java.lang.AssertionError: access of const val: SET_FIELD 'FIELD IR_EXTERNAL_JAVA_DECLARATION_STUB name:src type:kotlin.Int visibility:public [final,static] declared in android.R.attr' type=kotlin.Unit superQualifierSymbol=android.R.attr origin=EQ
  value: GET_FIELD 'FIELD IR_EXTERNAL_JAVA_DECLARATION_STUB name:outline_check_small_24 type:kotlin.Int visibility:public [static] declared in guru.mcqai.www.R.drawable' type=kotlin.Int superQualifierSymbol=guru.mcqai.www.R.drawable origin=null

	at org.jetbrains.kotlin.backend.jvm.codegen.ExpressionCodegen.visitFieldAccess(ExpressionCodegen.kt:816)
	at org.jetbrains.kotlin.backend.jvm.codegen.ExpressionCodegen.visitFieldAccess(ExpressionCodegen.kt:135)
	at org.jetbrains.kotlin.ir.visitors.IrElementVisitor$DefaultImpls.visitSetField(IrElementVisitor.kt:226)
	at org.jetbrains.kotlin.backend.jvm.codegen.ExpressionCodegen.visitSetField(ExpressionCodegen.kt:863)
	at org.jetbrains.kotlin.backend.jvm.codegen.ExpressionCodegen.visitSetField(ExpressionCodegen.kt:135)
	at org.jetbrains.kotlin.ir.expressions.IrSetField.accept(IrSetField.kt:21)
	at org.jetbrains.kotlin.backend.jvm.codegen.ExpressionCodegen.visitStatementContainer(ExpressionCodegen.kt:520)
	at org.jetbrains.kotlin.backend.jvm.codegen.ExpressionCodegen.visitBlockBody(ExpressionCodegen.kt:525)
	at org.jetbrains.kotlin.backend.jvm.codegen.ExpressionCodegen.visitBlockBody(ExpressionCodegen.kt:135)
	at org.jetbrains.kotlin.ir.expressions.IrBlockBody.accept(IrBlockBody.kt:20)
	at org.jetbrains.kotlin.backend.jvm.codegen.ExpressionCodegen.generate(ExpressionCodegen.kt:237)
	at org.jetbrains.kotlin.backend.jvm.codegen.FunctionCodegen.doGenerate(FunctionCodegen.kt:124)
	at org.jetbrains.kotlin.backend.jvm.codegen.FunctionCodegen.generate(FunctionCodegen.kt:45)
	... 83 more


